<?xml version="1.0" encoding="UTF-8"?>
<testng-results ignored="0" total="1" passed="1" failed="0" skipped="0">
  <reporter-output>
  </reporter-output>
  <suite started-at="2022-05-11T18:44:29 IST" name="Default suite" finished-at="2022-05-11T18:44:42 IST" duration-ms="13560">
    <groups>
    </groups>
    <test started-at="2022-05-11T18:44:29 IST" name="Default test" finished-at="2022-05-11T18:44:42 IST" duration-ms="13560">
      <class name="AutomationSessions.TestNgDemo.Printing_Particular_cellvalue">
        <test-method signature="launch_browser()[pri:0, instance:AutomationSessions.TestNgDemo.Printing_Particular_cellvalue@11bd0f3b]" started-at="2022-05-11T18:44:29 IST" name="launch_browser" finished-at="2022-05-11T18:44:42 IST" duration-ms="13509" status="PASS">
          <reporter-output>
          </reporter-output>
        </test-method> <!-- launch_browser -->
      </class> <!-- AutomationSessions.TestNgDemo.Printing_Particular_cellvalue -->
    </test> <!-- Default test -->
  </suite> <!-- Default suite -->
</testng-results>
